<?xml version="1.0" encoding="UTF-8"?>
<robot generator="Robot 7.0 (Python 3.9.6 on darwin)" generated="2024-01-30T14:31:19.135340" rpa="false" schemaversion="5">
<suite id="s1" name="Tagging" source="/Users/surtaram/PycharmProjects/Pytestseleniumpom/robotframeworkpom/testcases/Tagging.robot">
<test id="s1-t1" name="TC2 Login test" line="12">
<kw name="Log To Console" owner="BuiltIn">
<arg>This is login test</arg>
<doc>Logs the given message to the console.</doc>
<status status="PASS" start="2024-01-30T14:31:19.183870" elapsed="0.000329"/>
</kw>
<kw name="Log To Console" owner="BuiltIn">
<arg>Login test is over</arg>
<doc>Logs the given message to the console.</doc>
<status status="PASS" start="2024-01-30T14:31:19.184497" elapsed="0.000241"/>
</kw>
<tag>sanity</tag>
<status status="PASS" start="2024-01-30T14:31:19.182831" elapsed="0.002172"/>
</test>
<test id="s1-t2" name="TC4 Logout test" line="22">
<kw name="Log To Console" owner="BuiltIn">
<arg>This is logout test</arg>
<doc>Logs the given message to the console.</doc>
<status status="PASS" start="2024-01-30T14:31:19.185886" elapsed="0.000257"/>
</kw>
<kw name="Log To Console" owner="BuiltIn">
<arg>Logout test is over</arg>
<doc>Logs the given message to the console.</doc>
<status status="PASS" start="2024-01-30T14:31:19.186386" elapsed="0.000229"/>
</kw>
<tag>sanity</tag>
<status status="PASS" start="2024-01-30T14:31:19.185367" elapsed="0.001493"/>
</test>
<status status="PASS" start="2024-01-30T14:31:19.138320" elapsed="0.049239"/>
</suite>
<statistics>
<total>
<stat pass="2" fail="0" skip="0">All Tests</stat>
</total>
<tag>
<stat pass="2" fail="0" skip="0">sanity</stat>
</tag>
<suite>
<stat pass="2" fail="0" skip="0" id="s1" name="Tagging">Tagging</stat>
</suite>
</statistics>
<errors>
</errors>
</robot>
